[2018-01-21 15:06:50,606][1] DEBUG Spring.Objects.Factory.Support.DefaultListableObjectFactory  -    GetObjectInternal: obtaining instance for name commander => canonical name commander
[2018-01-21 15:06:50,918][1] DEBUG Spring.Objects.Factory.Support.DefaultListableObjectFactory  - Creating shared instance of singleton object 'commander'
[2018-01-21 15:06:50,918][1] DEBUG Spring.Objects.Factory.Support.DefaultListableObjectFactory  - Creating instance of Object 'commander' with merged definition [RootObjectDefinition : Class []; Abstract = False; Parent = ; Scope = singleton; Singleton = True; LazyInit = False; Autowire = No; Autowire-Candidate = True; Primary = False; DependencyCheck = None; InitMethodName = ; DestroyMethodName = ; FactoryMethodName = CreateInstance; FactoryObjectName = ObjFactory; defined in = file [C:\Users\seong\source\repos\SpringAopStudy\SpringAopStudy\bin\Debug\Config\objects.xml] line 10].
[2018-01-21 15:06:50,918][1] DEBUG Spring.Objects.Factory.Support.DefaultListableObjectFactory  -       GetObjectInternal: obtaining instance for name ObjFactory => canonical name ObjFactory
[2018-01-21 15:06:50,918][1] DEBUG Spring.Objects.Factory.Support.DefaultListableObjectFactory  - Returning cached instance of singleton object 'ObjFactory'.
[2018-01-21 15:06:50,918][1] DEBUG Spring.Objects.Factory.Support.DefaultListableObjectFactory  - Calling code asked for normal instance for name 'ObjFactory'.
[2018-01-21 15:06:50,918][1] DEBUG Spring.Objects.Factory.Support.DefaultListableObjectFactory  -    GetObjectInternal: returning instance for objectname ObjFactory
[2018-01-21 15:06:50,934][1] DEBUG Spring.Objects.Factory.Support.DefaultListableObjectFactory  -       GetObjectInternal: obtaining instance for name ObjFactory => canonical name ObjFactory
[2018-01-21 15:06:50,934][1] DEBUG Spring.Objects.Factory.Support.DefaultListableObjectFactory  - Returning cached instance of singleton object 'ObjFactory'.
[2018-01-21 15:06:50,934][1] DEBUG Spring.Objects.Factory.Support.DefaultListableObjectFactory  - Calling code asked for normal instance for name 'ObjFactory'.
[2018-01-21 15:06:50,934][1] DEBUG Spring.Objects.Factory.Support.DefaultListableObjectFactory  -    GetObjectInternal: returning instance for objectname ObjFactory
[2018-01-21 15:06:50,934][1] DEBUG Spring.Objects.Factory.Support.ConstructorResolver  - Object 'commander' instantiated via factory method [SpringAopStudy.ServiceCommand`1[System.Double] CreateInstance()].
[2018-01-21 15:06:50,934][1] DEBUG Spring.Objects.Factory.Support.DefaultListableObjectFactory  - Eagerly caching object 'commander' to allow for resolving potential circular references
[2018-01-21 15:06:50,934][1] DEBUG Spring.Objects.Factory.Support.DefaultListableObjectFactory  - Configuring object using definition 'commander'
[2018-01-21 15:06:50,934][1] DEBUG Spring.Objects.Factory.Support.DefaultListableObjectFactory  - Invoking IObjectPostProcessors before initialization of object 'commander'
[2018-01-21 15:06:50,934][1] DEBUG Spring.Objects.Factory.Support.DefaultListableObjectFactory  - Invoking IObjectPostProcessors after initialization of object 'commander'
[2018-01-21 15:06:50,934][1] DEBUG Spring.Aop.Support.SdkRegularExpressionMethodPointcut  - Candidate is: 'SpringAopStudy.ServiceCommand<double>.get_BusinessFunc'; pattern is 'Execute'; matched=False
[2018-01-21 15:06:50,934][1] DEBUG Spring.Aop.Support.SdkRegularExpressionMethodPointcut  - Candidate is: 'SpringAopStudy.ServiceCommand<double>.set_BusinessFunc'; pattern is 'Execute'; matched=False
[2018-01-21 15:06:50,934][1] DEBUG Spring.Aop.Support.SdkRegularExpressionMethodPointcut  - Candidate is: 'SpringAopStudy.ServiceCommand<double>.Execute'; pattern is 'Execute'; matched=True
[2018-01-21 15:06:50,934][1] INFO  Spring.Aop.Framework.AutoProxy.DefaultAdvisorAutoProxyCreator  - Candidate advisor [RegularExpressionMethodPointcutAdvisor: advice=[SpringAopStudy.Advices.CustomLoggingAdvice]] accepted for targetType [SpringAopStudy.ServiceCommand`1[System.Double]]
[2018-01-21 15:06:50,950][1] INFO  Spring.Aop.Framework.AutoProxy.DefaultAdvisorAutoProxyCreator  - Creating implicit proxy for object 'commander' with 0 common interceptors and 1 specific interceptors
[2018-01-21 15:06:51,026][1] DEBUG Spring.Objects.Factory.Support.DefaultListableObjectFactory  - Cached shared instance of singleton object 'commander'
[2018-01-21 15:06:51,026][1] DEBUG Spring.Objects.Factory.Support.DefaultListableObjectFactory  - Calling code asked for normal instance for name 'commander'.
[2018-01-21 15:06:51,026][1] DEBUG Spring.Objects.Factory.Support.DefaultListableObjectFactory  - GetObjectInternal: returning instance for objectname commander
[2018-01-21 15:06:51,026][1] DEBUG Spring.Objects.Factory.Support.DefaultListableObjectFactory  -    GetObjectInternal: obtaining instance for name BeforeLogAdvice => canonical name BeforeLogAdvice
[2018-01-21 15:06:51,026][1] DEBUG Spring.Objects.Factory.Support.DefaultListableObjectFactory  - Creating shared instance of singleton object 'BeforeLogAdvice'
[2018-01-21 15:06:51,026][1] DEBUG Spring.Objects.Factory.Support.DefaultListableObjectFactory  - Creating instance of Object 'BeforeLogAdvice' with merged definition [RootObjectDefinition : Class [SpringAopStudy.Advices.CustomLoggingBeforeAdvice]; Abstract = False; Parent = ; Scope = singleton; Singleton = True; LazyInit = False; Autowire = No; Autowire-Candidate = True; Primary = False; DependencyCheck = None; InitMethodName = ; DestroyMethodName = ; FactoryMethodName = ; FactoryObjectName = ; defined in = file [C:\Users\seong\source\repos\SpringAopStudy\SpringAopStudy\bin\Debug\Config\objects.xml] line 14].
[2018-01-21 15:06:51,026][1] DEBUG Spring.Objects.Factory.Support.DefaultListableObjectFactory  - Invoking IInstantiationAwareObjectPostProcessors before the instantiation of 'BeforeLogAdvice'.
[2018-01-21 15:06:51,026][1] DEBUG Spring.Aop.Framework.AutoProxy.DefaultAdvisorAutoProxyCreator  - Did not attempt to autoproxy infrastructure type [SpringAopStudy.Advices.CustomLoggingBeforeAdvice]
[2018-01-21 15:06:51,027][1] DEBUG Spring.Objects.Factory.Support.DefaultListableObjectFactory  - Eagerly caching object 'BeforeLogAdvice' to allow for resolving potential circular references
[2018-01-21 15:06:51,027][1] DEBUG Spring.Objects.Factory.Support.DefaultListableObjectFactory  - Configuring object using definition 'BeforeLogAdvice'
[2018-01-21 15:06:51,027][1] DEBUG Spring.Objects.Factory.Support.DefaultListableObjectFactory  - Invoking IObjectPostProcessors before initialization of object 'BeforeLogAdvice'
[2018-01-21 15:06:51,027][1] DEBUG Spring.Objects.Factory.Support.DefaultListableObjectFactory  - Invoking IObjectPostProcessors after initialization of object 'BeforeLogAdvice'
[2018-01-21 15:06:51,027][1] DEBUG Spring.Objects.Factory.Support.DefaultListableObjectFactory  - Cached shared instance of singleton object 'BeforeLogAdvice'
[2018-01-21 15:06:51,027][1] DEBUG Spring.Objects.Factory.Support.DefaultListableObjectFactory  - Calling code asked for normal instance for name 'BeforeLogAdvice'.
[2018-01-21 15:06:51,027][1] DEBUG Spring.Objects.Factory.Support.DefaultListableObjectFactory  - GetObjectInternal: returning instance for objectname BeforeLogAdvice
[2018-01-21 15:06:51,027][1] DEBUG Spring.Objects.Factory.Support.DefaultListableObjectFactory  -    GetObjectInternal: obtaining instance for name AfterLogAdvice => canonical name AfterLogAdvice
[2018-01-21 15:06:51,027][1] DEBUG Spring.Objects.Factory.Support.DefaultListableObjectFactory  - Creating shared instance of singleton object 'AfterLogAdvice'
[2018-01-21 15:06:51,027][1] DEBUG Spring.Objects.Factory.Support.DefaultListableObjectFactory  - Creating instance of Object 'AfterLogAdvice' with merged definition [RootObjectDefinition : Class [SpringAopStudy.Advices.CustomLoggingAfterAdvice]; Abstract = False; Parent = ; Scope = singleton; Singleton = True; LazyInit = False; Autowire = No; Autowire-Candidate = True; Primary = False; DependencyCheck = None; InitMethodName = ; DestroyMethodName = ; FactoryMethodName = ; FactoryObjectName = ; defined in = file [C:\Users\seong\source\repos\SpringAopStudy\SpringAopStudy\bin\Debug\Config\objects.xml] line 15].
[2018-01-21 15:06:51,027][1] DEBUG Spring.Objects.Factory.Support.DefaultListableObjectFactory  - Invoking IInstantiationAwareObjectPostProcessors before the instantiation of 'AfterLogAdvice'.
[2018-01-21 15:06:51,027][1] DEBUG Spring.Aop.Framework.AutoProxy.DefaultAdvisorAutoProxyCreator  - Did not attempt to autoproxy infrastructure type [SpringAopStudy.Advices.CustomLoggingAfterAdvice]
[2018-01-21 15:06:51,028][1] DEBUG Spring.Objects.Factory.Support.DefaultListableObjectFactory  - Eagerly caching object 'AfterLogAdvice' to allow for resolving potential circular references
[2018-01-21 15:06:51,028][1] DEBUG Spring.Objects.Factory.Support.DefaultListableObjectFactory  - Configuring object using definition 'AfterLogAdvice'
[2018-01-21 15:06:51,028][1] DEBUG Spring.Objects.Factory.Support.DefaultListableObjectFactory  - Invoking IObjectPostProcessors before initialization of object 'AfterLogAdvice'
[2018-01-21 15:06:51,028][1] DEBUG Spring.Objects.Factory.Support.DefaultListableObjectFactory  - Invoking IObjectPostProcessors after initialization of object 'AfterLogAdvice'
[2018-01-21 15:06:51,028][1] DEBUG Spring.Objects.Factory.Support.DefaultListableObjectFactory  - Cached shared instance of singleton object 'AfterLogAdvice'
[2018-01-21 15:06:51,028][1] DEBUG Spring.Objects.Factory.Support.DefaultListableObjectFactory  - Calling code asked for normal instance for name 'AfterLogAdvice'.
[2018-01-21 15:06:51,028][1] DEBUG Spring.Objects.Factory.Support.DefaultListableObjectFactory  - GetObjectInternal: returning instance for objectname AfterLogAdvice
[2018-01-21 15:06:51,028][1] DEBUG Spring.Objects.Factory.Support.DefaultListableObjectFactory  -    GetObjectInternal: obtaining instance for name ThrowsLogAdvice => canonical name ThrowsLogAdvice
[2018-01-21 15:06:51,028][1] DEBUG Spring.Objects.Factory.Support.DefaultListableObjectFactory  - Creating shared instance of singleton object 'ThrowsLogAdvice'
[2018-01-21 15:06:51,028][1] DEBUG Spring.Objects.Factory.Support.DefaultListableObjectFactory  - Creating instance of Object 'ThrowsLogAdvice' with merged definition [RootObjectDefinition : Class [SpringAopStudy.Advices.CustomLoggingThrowsAdvice]; Abstract = False; Parent = ; Scope = singleton; Singleton = True; LazyInit = False; Autowire = No; Autowire-Candidate = True; Primary = False; DependencyCheck = None; InitMethodName = ; DestroyMethodName = ; FactoryMethodName = ; FactoryObjectName = ; defined in = file [C:\Users\seong\source\repos\SpringAopStudy\SpringAopStudy\bin\Debug\Config\objects.xml] line 16].
[2018-01-21 15:06:51,028][1] DEBUG Spring.Objects.Factory.Support.DefaultListableObjectFactory  - Invoking IInstantiationAwareObjectPostProcessors before the instantiation of 'ThrowsLogAdvice'.
[2018-01-21 15:06:51,028][1] DEBUG Spring.Aop.Framework.AutoProxy.DefaultAdvisorAutoProxyCreator  - Did not attempt to autoproxy infrastructure type [SpringAopStudy.Advices.CustomLoggingThrowsAdvice]
[2018-01-21 15:06:51,029][1] DEBUG Spring.Objects.Factory.Support.DefaultListableObjectFactory  - Eagerly caching object 'ThrowsLogAdvice' to allow for resolving potential circular references
[2018-01-21 15:06:51,029][1] DEBUG Spring.Objects.Factory.Support.DefaultListableObjectFactory  - Configuring object using definition 'ThrowsLogAdvice'
[2018-01-21 15:06:51,029][1] DEBUG Spring.Objects.Factory.Support.DefaultListableObjectFactory  - Invoking IObjectPostProcessors before initialization of object 'ThrowsLogAdvice'
[2018-01-21 15:06:51,029][1] DEBUG Spring.Objects.Factory.Support.DefaultListableObjectFactory  - Invoking IObjectPostProcessors after initialization of object 'ThrowsLogAdvice'
[2018-01-21 15:06:51,029][1] DEBUG Spring.Objects.Factory.Support.DefaultListableObjectFactory  - Cached shared instance of singleton object 'ThrowsLogAdvice'
[2018-01-21 15:06:51,029][1] DEBUG Spring.Objects.Factory.Support.DefaultListableObjectFactory  - Calling code asked for normal instance for name 'ThrowsLogAdvice'.
[2018-01-21 15:06:51,029][1] DEBUG Spring.Objects.Factory.Support.DefaultListableObjectFactory  - GetObjectInternal: returning instance for objectname ThrowsLogAdvice
[2018-01-21 15:06:51,030][1] DEBUG Spring.Context.Support.XmlApplicationContext  - Publishing event in context [spring.root] : ContextRefreshedEventArgs [Refreshed]
[2018-01-21 15:06:51,032][1] INFO  Spring.Context.Support.XmlApplicationContext  - ApplicationContext Refresh: Completed
[2018-01-21 15:06:51,034][1] DEBUG Spring.Context.Support.ContextRegistry  - Registering context 'Spring.Context.Support.XmlApplicationContext' under name 'spring.root'.
[2018-01-21 15:06:51,035][1] DEBUG Spring.Context.Support.ContextHandler  - context 'Spring.Context.Support.XmlApplicationContext' created for name 'spring.root'
[2018-01-21 15:06:51,036][1] DEBUG Spring.Context.Support.ContextRegistry  - Returning context 'Spring.Context.Support.XmlApplicationContext' registered under name 'spring.root'.
[2018-01-21 15:06:51,036][1] DEBUG Spring.Objects.Factory.Support.DefaultListableObjectFactory  -    GetObjectInternal: obtaining instance for name commander => canonical name commander
[2018-01-21 15:06:51,036][1] DEBUG Spring.Objects.Factory.Support.DefaultListableObjectFactory  - Returning cached instance of singleton object 'commander'.
[2018-01-21 15:06:51,036][1] DEBUG Spring.Objects.Factory.Support.DefaultListableObjectFactory  - Calling code asked for normal instance for name 'commander'.
[2018-01-21 15:06:51,036][1] DEBUG Spring.Objects.Factory.Support.DefaultListableObjectFactory  - GetObjectInternal: returning instance for objectname commander
[2018-01-21 15:06:51,041][1] DEBUG Spring.Aop.Support.SdkRegularExpressionMethodPointcut  - Candidate is: 'SpringAopStudy.ServiceCommand<double>.Execute'; pattern is 'Execute'; matched=True
[2018-01-21 15:06:51,044][1] INFO  SpringAopStudy.Advices.CustomLoggingAdvice  - Advice executing: calling the advice method...
[2018-01-21 15:06:51,054][1] INFO  SpringAopStudy.Advices.CustomLoggingAdvice  - Advice executed: adviced method returned 24.0000050114167
